<?xml version="1.0" encoding="UTF-8"?><testsuite errors="0" failures="0" name="Gestión de usuarios en retofinal modulo administracion" skipped="0" tests="6" time="29.23" timestamp="2021-08-11 08:39:24"><testcase name="Creacion exitosa de usuario nuevo"/><testcase name="Consulta exitosa de un usuario por id"/><testcase name="Se actualizará un usuario existente"/><testcase name="Consulta exitosa de todas las preguntas frecuentes"/><testcase name="Consulta exitosa de todas las verticales"/><testcase name="Consulta exitosa de una vertical por id"/></testsuite>